srun: Warning: can't run 5 processes on 10 nodes, setting nnodes to 5
Base is running with 4
current iteration 1
Base is waiting for status from 0
Base is waiting for status from 1
Base is waiting for status from 2
current iteration 2
Base is waiting for status from 3
Base is waiting for status from 0
Base is waiting for status from 2
current iteration 3
Base is waiting for status from 1
Base is waiting for status from 3
Base is waiting for status from 0
Base is waiting for status from 3
Base is waiting for status from 2
current iteration 4
Base is waiting for status from 1
Base is waiting for status from 0
Base is waiting for status from 3
current iteration 5
Base is waiting for status from 2
Base is waiting for status from 1
Base is waiting for status from 0
Base is waiting for status from 3
current iteration 6
Base is waiting for status from 2
Base is waiting for status from 1
Base is waiting for status from 3
Base is waiting for status from 0
Base is waiting for status from 1
current iteration 7
Base is waiting for status from 2
Base is waiting for status from 0
Base is waiting for status from 3
current iteration 8
Base is waiting for status from 1
Base is waiting for status from 2
Base is waiting for status from 0
Base is waiting for status from 3
current iteration 9
Base is waiting for status from 1
Base is waiting for status from 2
Base is waiting for status from 0
Base is waiting for status from 3
current iteration 10
Base is waiting for status from 1
Base is waiting for status from 2
Base is waiting for status from 0
Base is waiting for status from 3
current iteration 11
Base is waiting for status from 1
Base is waiting for status from 2
Base is waiting for status from 0
Base is waiting for status from 3
current iteration 12
Base is waiting for status from 1
Base is waiting for status from 2
Base is waiting for status from 0
current iteration 13
Base is waiting for status from 3
Base is waiting for status from 1
Base is waiting for status from 2
Base is waiting for status from 0
current iteration 14
Base is waiting for status from 3
Base is waiting for status from 1
Base is waiting for status from 2
Base is waiting for status from 0
current iteration 15
Base is waiting for status from 1
Base is waiting for status from 3
Base is waiting for status from 2
Base is waiting for status from 0
current iteration 16
Base is waiting for status from 1
Base is waiting for status from 3
Base is waiting for status from 2
Base is waiting for status from 0
current iteration 17
Base is waiting for status from 1
Base is waiting for status from 3
Base is waiting for status from 2
Base is waiting for status from 0
current iteration 18
Base is waiting for status from 1
Base is waiting for status from 2
Base is waiting for status from 3
Base is waiting for status from 0
current iteration 19
Base is waiting for status from 2
Base is waiting for status from 1
Base is waiting for status from 3
Base is waiting for status from 0
current iteration 20
Base is waiting for status from 2
Base is waiting for status from 1
Base is waiting for status from 3
Base is waiting for status from 0
current iteration 21
Base is waiting for status from 2
Base is waiting for status from 3
Base is waiting for status from 1
Base is waiting for status from 0
current iteration 22
Base is waiting for status from 2
Base is waiting for status from 3
Base is waiting for status from 1
Base is waiting for status from 0
current iteration 23
Base is waiting for status from 2
Base is waiting for status from 3
Base is waiting for status from 1
Base is waiting for status from 0
current iteration 24
Base is waiting for status from 2
Base is waiting for status from 3
Base is waiting for status from 1
Base is waiting for status from 0
current iteration 25
Base is waiting for status from 2
Base is waiting for status from 3
Base is waiting for status from 1
Base is waiting for status from 0
current iteration 26
Base is waiting for status from 2
Base is waiting for status from 1
Base is waiting for status from 3
current iteration 27
Base is waiting for status from 2
Base is waiting for status from 0
Base is waiting for status from 1
Base is waiting for status from 3
current iteration 28
Base is waiting for status from 2
Base is waiting for status from 0
Base is waiting for status from 3
Base is waiting for status from 1
current iteration 29
Base is waiting for status from 0
Base is waiting for status from 2
Base is waiting for status from 3
Base is waiting for status from 1
current iteration 30
Base is waiting for status from 0
Base is waiting for status from 3
Base is waiting for status from 2
Base is waiting for status from 1
current iteration 31
Base is waiting for status from 0
Base is waiting for status from 3
Base is waiting for status from 1
Base is waiting for status from 2
current iteration 32
Base is waiting for status from 2
Base is waiting for status from 0
Base is waiting for status from 1
Base is waiting for status from 3
current iteration 33
Base is waiting for status from 2
Base is waiting for status from 1
Base is waiting for status from 0
Base is waiting for status from 3
current iteration 34
Base is waiting for status from 2
Base is waiting for status from 1
Base is waiting for status from 0
Base is waiting for status from 3
current iteration 35
Base is waiting for status from 2
Base is waiting for status from 1
Base is waiting for status from 0
Base is waiting for status from 3
current iteration 36
Base is waiting for status from 2
Base is waiting for status from 1
Base is waiting for status from 0
Base is waiting for status from 3
current iteration 37
Base is waiting for status from 2
Base is waiting for status from 1
Base is waiting for status from 3
Base is waiting for status from 0
current iteration 38
Base is waiting for status from 2
Base is waiting for status from 1
Base is waiting for status from 3
Base is waiting for status from 0
current iteration 39
Base is waiting for status from 2
Base is waiting for status from 1
Base is waiting for status from 0
Base is waiting for status from 3
current iteration 40
Base is waiting for status from 2
Base is waiting for status from 1
Base is waiting for status from 0
Base is waiting for status from 3
current iteration 41
Base is waiting for status from 2
Base is waiting for status from 0
Base is waiting for status from 1
Base is waiting for status from 3
current iteration 42
Base is waiting for status from 2
Base is waiting for status from 0
Base is waiting for status from 1
Base is waiting for status from 3
current iteration 43
Base is waiting for status from 2
Base is waiting for status from 1
Base is waiting for status from 0
Base is waiting for status from 3
current iteration 44
Base is waiting for status from 2
Base is waiting for status from 1
Base is waiting for status from 0
Base is waiting for status from 3
current iteration 45
Base is waiting for status from 2
Base is waiting for status from 1
Base is waiting for status from 0
Base is waiting for status from 3
current iteration 46
Base is waiting for status from 2
Base is waiting for status from 1
Base is waiting for status from 0
Base is waiting for status from 3
current iteration 47
Base is waiting for status from 2
Base is waiting for status from 1
Base is waiting for status from 0
Base is waiting for status from 3
current iteration 48
Base is waiting for status from 2
Base is waiting for status from 1
Base is waiting for status from 0
Base is waiting for status from 3
current iteration 49
Base is waiting for status from 2
Base is waiting for status from 1
Base is waiting for status from 0
Base is waiting for status from 3
current iteration 50
Base is waiting for status from 2
Base is waiting for status from 0
Base is waiting for status from 1
Base is waiting for status from 3
current iteration 51
Base is waiting for status from 2
Base is waiting for status from 0
Base is waiting for status from 3
Base is waiting for status from 1
current iteration 52
Base is waiting for status from 2
Base is waiting for status from 0
Base is waiting for status from 3
Base is waiting for status from 1
current iteration 53
Base is waiting for status from 2
Base is waiting for status from 3
Base is waiting for status from 0
Process 2 has coordinates (1, 0)
iteration 0 rank 2 availabilty: 5
iteration 2 rank 2 availabilty: 4
rank 2 received request for availability from 3
rank 2 received request for availability from 0
iteration 4 rank 2 availabilty: 0
node_status availability 02Base comm 4 at 0.000000
done communicating
terminating communication thread
Next available charging station is 1
rank 2 received request for availability from 0
Next available charging station is 1
iteration 6 rank 2 availabilty: 2
rank 2 received request for availability from 3
iteration 8 rank 2 availabilty: 5
iteration 10 rank 2 availabilty: 5
iteration 12 rank 2 availabilty: 5
iteration 14 rank 2 availabilty: 5
iteration 16 rank 2 availabilty: 4
iteration 18 rank 2 availabilty: 3
iteration 20 rank 2 availabilty: 1
node_status availability 2rank 2 has enough availability nearby nodes
rank 2 received request for availability from 0
rank 2 received request for availability from 3
iteration 22 rank 2 availabilty: 0
node_status availability 02Base comm 4 at 20.022938
done communicating
terminating communication thread
rank 2 received request for availability from 0
Next available charging station is 1
iteration 24 rank 2 availabilty: 4
Next available charging station is 1
iteration 26 rank 2 availabilty: 5
iteration 28 rank 2 availabilty: 5
iteration 30 rank 2 availabilty: 5
iteration 32 rank 2 availabilty: 2
rank 2 received request for availability from 0
iteration 34 rank 2 availabilty: 0
node_status availability 12Base comm 4 at 33.037849
done communicating
terminating communication thread
Next available charging station is 1
rank 2 received request for availability from 3
rank 2 received request for availability from 0
iteration 36 rank 2 availabilty: 1
node_status availability 02Base comm 4 at 36.046190
done communicating
terminating communication thread
Next available charging station is 1
Next available charging station is 1
iteration 38 rank 2 availabilty: 5
Next available charging station is 1
Comm Size: 4: Grid Dimension =[2 x 2] 
Process 0 has coordinates (0, 0)
iteration 0 rank 0 availabilty: 5
iteration 2 rank 0 availabilty: 4
iteration 4 rank 0 availabilty: 0
node_status availability 4rank 0 has enough availability nearby nodes
rank 0 received request for availability from 1
rank 0 received request for availability from 2
iteration 6 rank 0 availabilty: 0
node_status availability 0rank 0 has enough availability nearby nodes
iteration 8 rank 0 availabilty: 5
iteration 10 rank 0 availabilty: 5
iteration 12 rank 0 availabilty: 5
iteration 14 rank 0 availabilty: 5
iteration 16 rank 0 availabilty: 3
iteration 18 rank 0 availabilty: 2
rank 0 received request for availability from 1
rank 0 received request for availability from 2
iteration 20 rank 0 availabilty: 0
node_status availability 10Base comm 4 at 0.000000
done communicating
terminating communication thread
Next available charging station is 1
rank 0 received request for availability from 1
rank 0 received request for availability from 2
iteration 40 rank 2 availabilty: 5
iteration 42 rank 2 availabilty: 5
iteration 44 rank 2 availabilty: 5
iteration 46 rank 2 availabilty: 5
iteration 48 rank 2 availabilty: 5
iteration 50 rank 2 availabilty: 4
iteration 52 rank 2 availabilty: 5
iteration 54 rank 2 availabilty: 5
Process 2 received termination signal.
terminating threads 0
terminating threads 2
terminating threads 1
terminating threads 4
terminating threads 3
Process 2 terminated.
Process 1 has coordinates (0, 1)
iteration 0 rank 1 availabilty: 5
iteration 2 rank 1 availabilty: 4
rank 1 received request for availability from 0
iteration 4 rank 1 availabilty: 0
node_status availability 11Base comm 4 at 0.000000
done communicating
terminating communication thread
Next available charging station is 1
Next available charging station is 1
iteration 6 rank 1 availabilty: 2
rank 1 received request for availability from 3
rank 1 received request for availability from 0
iteration 8 rank 1 availabilty: 5
iteration 10 rank 1 availabilty: 5
iteration 12 rank 1 availabilty: 5
iteration 14 rank 1 availabilty: 5
iteration 16 rank 1 availabilty: 4
iteration 18 rank 1 availabilty: 3
iteration 20 rank 1 availabilty: 1
node_status availability 2rank 1 has enough availability nearby nodes
rank 1 received request for availability from 3
rank 1 received request for availability from 0
iteration 22 rank 1 availabilty: 0
node_status availability 11Base comm 4 at 20.025268
done communicating
Process 3 has coordinates (1, 1)
iteration 0 rank 3 availabilty: 5
iteration 2 rank 3 availabilty: 4
iteration 4 rank 3 availabilty: 0
node_status availability 1rank 3 has enough availability nearby nodes
rank 3 received request for availability from 2
iteration 6 rank 3 availabilty: 0
node_status availability 2rank 3 has enough availability nearby nodes
iteration 8 rank 3 availabilty: 5
iteration 10 rank 3 availabilty: 5
iteration 12 rank 3 availabilty: 5
iteration 14 rank 3 availabilty: 5
iteration 16 rank 3 availabilty: 3
iteration 18 rank 3 availabilty: 2
rank 3 received request for availability from 1
rank 3 received request for availability from 2
iteration 20 rank 3 availabilty: 0
node_status availability 13Base comm 4 at 0.000000
done communicating
terminating communication thread
Next available charging station is 1
Next available charging station is 1
iteration 22 rank 3 availabilty: 1
node_status availability 13Base comm 4 at 2.005360
done communicating
terminating communication thread
Base is waiting for status from 1
current iteration 54
Base is waiting for status from 2
Base is waiting for status from 3
Base is waiting for status from 0
Base is waiting for status from 1
current iteration 55
Base is waiting for status from 2
Base is waiting for status from 3
Base is waiting for status from 0
Base is waiting for status from 1
current iteration 56
Base is waiting for status from 3
Base is waiting for status from 2
Base is waiting for status from 0
Base is waiting for status from 1
current iteration 57
Base is waiting for status from 3
Base is waiting for status from 2
Base is waiting for status from 0
Base is waiting for status from 1
current iteration 58
Base is waiting for status from 3
Base is waiting for status from 2
Base is waiting for status from 0
Base is waiting for status from 1
current iteration 59
Base is waiting for status from 3
Base is waiting for status from 2
Base is waiting for status from 0
Base is waiting for status from 1
current iteration 60
iteration 22 rank 0 availabilty: 1
node_status availability 00Base comm 4 at 3.007020
done communicating
terminating communication thread
Next available charging station is 1
Next available charging station is 1
iteration 24 rank 0 availabilty: 5
Next available charging station is 1
iteration 26 rank 0 availabilty: 5
iteration 28 rank 0 availabilty: 5
iteration 30 rank 0 availabilty: 4
iteration 32 rank 0 availabilty: 1
node_status availability 2rank 0 has enough availability nearby nodes
rank 0 received request for availability from 1
rank 0 received request for availability from 2
iteration 34 rank 0 availabilty: 0
node_status availability 00Base comm 4 at 17.026314
done communicating
terminating communication thread
Next available charging station is 1
rank 0 received request for availability from 2
Next available charging station is 1
iteration 36 rank 0 availabilty: 3
iteration 38 rank 0 availabilty: 5
iteration 40 rank 0 availabilty: 5
iteration 42 rank 0 availabilty: 5
iteration 44 rank 0 availabilty: 5
iteration 46 rank 0 availabilty: 4
iteration 48 rank 0 availabilty: 5
iteration 50 rank 0 availabilty: 4
iteration 52 rank 0 availabilty: 5
Process 0 received termination signal.
terminating threads 0
terminating threads 2
terminating threads 1
terminating threads 4
terminating threads 3
Process 0 terminated.
terminating communication thread
Next available charging station is 1
rank 1 received request for availability from 0
Next available charging station is 1
iteration 24 rank 1 availabilty: 4
iteration 26 rank 1 availabilty: 5
iteration 28 rank 1 availabilty: 5
iteration 30 rank 1 availabilty: 5
iteration 32 rank 1 availabilty: 2
rank 1 received request for availability from 0
iteration 34 rank 1 availabilty: 0
node_status availability 11Base comm 4 at 33.040039
done communicating
terminating communication thread
Next available charging station is 1
Next available charging station is 1
iteration 36 rank 1 availabilty: 1
node_status availability 11Base comm 4 at 35.047607
done communicating
terminating communication thread
Next available charging station is 1
Next available charging station is 1
iteration 38 rank 1 availabilty: 3
iteration 40 rank 1 availabilty: 5
iteration 42 rank 1 availabilty: 5
iteration 44 rank 1 availabilty: 5
iteration 46 rank 1 availabilty: 5
iteration 48 rank 1 availabilty: 4
iteration 50 rank 1 availabilty: 5
iteration 52 rank 1 availabilty: 4
iteration 54 rank 1 availabilty: 5
Process 1 received termination signal.
terminating threads 0
terminating threads 2
terminating threads 1
terminating threads 4
terminating threads 3
Process 1 terminated.
Next available charging station is 1
Next available charging station is 1
iteration 24 rank 3 availabilty: 4
iteration 26 rank 3 availabilty: 5
iteration 28 rank 3 availabilty: 5
iteration 30 rank 3 availabilty: 5
iteration 32 rank 3 availabilty: 2
iteration 34 rank 3 availabilty: 0
node_status availability 13Base comm 4 at 14.023322
done communicating
terminating communication thread
Next available charging station is 1
Next available charging station is 1
iteration 36 rank 3 availabilty: 0
node_status availability 13Base comm 4 at 17.026778
done communicating
terminating communication thread
Next available charging station is 1
rank 3 received request for availability from 2
Next available charging station is 1
iteration 38 rank 3 availabilty: 3
iteration 40 rank 3 availabilty: 4
iteration 42 rank 3 availabilty: 4
iteration 44 rank 3 availabilty: 5
iteration 46 rank 3 availabilty: 5
iteration 48 rank 3 availabilty: 5
iteration 50 rank 3 availabilty: 5
iteration 52 rank 3 availabilty: 2
iteration 54 rank 3 availabilty: 4
Process 3 received termination signal.
terminating threads 0
terminating threads 2
terminating threads 1
terminating threads 4
terminating threads 3
Process 3 terminated.
Base is waiting for status from 3
Base is waiting for status from 2
Base is waiting for status from 0
Base is waiting for status from 1
Base is waiting for status from 3
terminating thread from baseBase is waiting for status from 2
terminating thread from baseBase is waiting for status from 0
terminating thread from baseBase is waiting for status from 1
terminating thread from base