Allocated Node Information:
   ReqNodeList=(null) ExcNodeList=(null)
   ReqNodeList=(null) ExcNodeList=(null)
   ReqNodeList=(null) ExcNodeList=(null)
   ReqNodeList=(null) ExcNodeList=(null)
   ReqNodeList=(null) ExcNodeList=(null)
   ReqNodeList=(null) ExcNodeList=(null)
   ReqNodeList=(null) ExcNodeList=(null)
   ReqNodeList=(null) ExcNodeList=(null)
   ReqNodeList=(null) ExcNodeList=(null)
   ReqNodeList=(null) ExcNodeList=(null)
   ReqNodeList=(null) ExcNodeList=(null)
   ReqNodeList=(null) ExcNodeList=(null)
Running srun -n 14 ./sim output_directory_2_nodes14
Base is running with 13
current iteration 1
Base is waiting for status from 0
Base is waiting for status from 1
Base is waiting for status from 2
Base is waiting for status from 3
Base is waiting for status from 4
Base is waiting for status from 5
Base is waiting for status from 6
Base is waiting for status from 7
Base is waiting for status from 8
Base is waiting for status from 9
Base is waiting for status from 10
Base is waiting for status from 11
current iteration 2
Base is waiting for status from 12
Base is waiting for status from 0
Base is waiting for status from 1
Base is waiting for status from 2
Base is waiting for status from 3
Base is waiting for status from 4
Base is waiting for status from 6
Base is waiting for status from 5
Base is waiting for status from 7
Base is waiting for status from 9
Base is waiting for status from 8
Base is waiting for status from 10
Base is waiting for status from 11
current iteration 3
Base is waiting for status from 12
Base is waiting for status from 0
Base is waiting for status from 2
Base is waiting for status from 1
Base is waiting for status from 6
Base is waiting for status from 3
Base is waiting for status from 4
Base is waiting for status from 5
Base is waiting for status from 7
Base is waiting for status from 9
Base is waiting for status from 8
Base is waiting for status from 10
Base is waiting for status from 11
current iteration 4
Base is waiting for status from 12
Base is waiting for status from 0
Base is waiting for status from 2
Base is waiting for status from 6
Base is waiting for status from 1
Base is waiting for status from 3
Base is waiting for status from 7
Base is waiting for status from 4
Base is waiting for status from 5
Base is waiting for status from 8
Base is waiting for status from 9
Base is waiting for status from 10
Base is waiting for status from 11
Base is waiting for status from 12
current iteration 5
Base is waiting for status from 0
Base is waiting for status from 1
Base is waiting for status from 3
Base is waiting for status from 6
Base is waiting for status from 2
Base is waiting for status from 4
Base is waiting for status from 7
Base is waiting for status from 5
Base is waiting for status from 9
Base is waiting for status from 8
Base is waiting for status from 11
Base is waiting for status from 10
Base is waiting for status from 12
current iteration 6
Base is waiting for status from 0
Base is waiting for status from 6
Base is waiting for status from 1
Base is waiting for status from 3
Base is waiting for status from 2
Base is waiting for status from 4
Base is waiting for status from 7
Base is waiting for status from 5
Base is waiting for status from 8
Base is waiting for status from 9
Base is waiting for status from 11
Base is waiting for status from 10
Base is waiting for status from 12
current iteration 7
Base is waiting for status from 0
Base is waiting for status from 6
Base is waiting for status from 1
Base is waiting for status from 3
Base is waiting for status from 2
Base is waiting for status from 4
Base is waiting for status from 7
Base is waiting for status from 5
Base is waiting for status from 9
Base is waiting for status from 8
Base is waiting for status from 11
Base is waiting for status from 10
Base is waiting for status from 12
current iteration 8
Base is waiting for status from 0
Base is waiting for status from 6
Base is waiting for status from 4
Base is waiting for status from 1
Base is waiting for status from 3
Base is waiting for status from 2
Base is waiting for status from 7
Base is waiting for status from 9
Base is waiting for status from 8
Base is waiting for status from 11
Base is waiting for status from 10
Base is waiting for status from 5
Base is waiting for status from 12
current iteration 9
Base is waiting for status from 0
Base is waiting for status from 6
Base is waiting for status from 4
Base is waiting for status from 2
Base is waiting for status from 8
Base is waiting for status from 1
Base is waiting for status from 3
Base is waiting for status from 7
Base is waiting for status from 9
Base is waiting for status from 11
Base is waiting for status from 5
Base is waiting for status from 10
current iteration 10
Base is waiting for status from 12
Base is waiting for status from 0
Base is waiting for status from 6
Base is waiting for status from 8
Base is waiting for status from 4
Base is waiting for status from 1
Base is waiting for status from 9
Base is waiting for status from 3
Base is waiting for status from 2
Base is waiting for status from 7
Base is waiting for status from 11
Base is waiting for status from 5
Base is waiting for status from 10
current iteration 11
Base is waiting for status from 12
Base is waiting for status from 0
Base is waiting for status from 6
Base is waiting for status from 8
Base is waiting for status from 1
Base is waiting for status from 4
Base is waiting for status from 9
Base is waiting for status from 3
Base is waiting for status from 2
Base is waiting for status from 7
Base is waiting for status from 11
Base is waiting for status from 5
Base is waiting for status from 10
Base is waiting for status from 12
current iteration 12
Base is waiting for status from 0
Base is waiting for status from 6
Base is waiting for status from 1
Base is waiting for status from 8
Base is waiting for status from 9
Base is waiting for status from 4
Base is waiting for status from 3
Base is waiting for status from 7
Base is waiting for status from 2
Base is waiting for status from 11
Base is waiting for status from 5
Base is waiting for status from 10
Base is waiting for status from 12
current iteration 13
Base is waiting for status from 0
Base is waiting for status from 6
Base is waiting for status from 8
Base is waiting for status from 1
Base is waiting for status from 9
Base is waiting for status from 3
Base is waiting for status from 4
Base is waiting for status from 7
Base is waiting for status from 11
Base is waiting for status from 2
Base is waiting for status from 5
Base is waiting for status from 10
Base is waiting for status from 12
current iteration 14
Base is waiting for status from 0
Base is waiting for status from 6
Base is waiting for status from 9
Base is waiting for status from 8
Base is waiting for status from 1
Base is waiting for status from 4
Base is waiting for status from 3
Base is waiting for status from 7
Base is waiting for status from 11
Base is waiting for status from 2
Base is waiting for status from 5
Base is waiting for status from 10
Base is waiting for status from 12
current iteration 15
Base is waiting for status from 0
Base is waiting for status from 9
Base is waiting for status from 6
Base is waiting for status from 4
Base is waiting for status from 8
Base is waiting for status from 1
Base is waiting for status from 7
Base is waiting for status from 2
Base is waiting for status from 11
Base is waiting for status from 3
Base is waiting for status from 5
Base is waiting for status from 10
Base is waiting for status from 12
current iteration 16
Base is waiting for status from 0
Base is waiting for status from 4
Base is waiting for status from 6
Base is waiting for status from 9
Base is waiting for status from 7
Base is waiting for status from 2
Base is waiting for status from 11
Base is waiting for status from 1
Base is waiting for status from 3
Base is waiting for status from 8
Base is waiting for status from 5
Base is waiting for status from 10
Base is waiting for status from 12
current iteration 17
Base is waiting for status from 0
Base is waiting for status from 9
Base is waiting for status from 4
Base is waiting for status from 2
Base is waiting for status from 6
Base is waiting for status from 7
Base is waiting for status from 1
Base is waiting for status from 11
Base is waiting for status from 3
Base is waiting for status from 8
Base is waiting for status from 5
Base is waiting for status from 10
current iteration 18
Base is waiting for status from 12
Base is waiting for status from 0
Base is waiting for status from 9
Base is waiting for status from 2
Base is waiting for status from 6
Base is waiting for status from 1
Base is waiting for status from 5
Base is waiting for status from 4
Base is waiting for status from 8
Base is waiting for status from 11
Base is waiting for status from 7
Base is waiting for status from 3
Base is waiting for status from 10
current iteration 19
Base is waiting for status from 12
Base is waiting for status from 0
Base is waiting for status from 2
Base is waiting for status from 5
Base is waiting for status from 6
Base is waiting for status from 1
Base is waiting for status from 9
Base is waiting for status from 4
Base is waiting for status from 8
Base is waiting for status from 7
Base is waiting for status from 3
Base is waiting for status from 11
Base is waiting for status from 10
current iteration 20
Base is waiting for status from 12
Base is waiting for status from 0
Base is waiting for status from 2
Base is waiting for status from 4
Base is waiting for status from 6
Base is waiting for status from 8
Base is waiting for status from 5
Base is waiting for status from 1
Base is waiting for status from 3
Base is waiting for status from 7
Base is waiting for status from 10
Base is waiting for status from 9
Base is waiting for status from 11
current iteration 21
Base is waiting for status from 12
Base is waiting for status from 0
Base is waiting for status from 2
Base is waiting for status from 1
Base is waiting for status from 8
Base is waiting for status from 4
Base is waiting for status from 6
Base is waiting for status from 5
Base is waiting for status from 3
Base is waiting for status from 7
Base is waiting for status from 10
Base is waiting for status from 11
Base is waiting for status from 9
current iteration 22
Base is waiting for status from 12
Base is waiting for status from 0
Base is waiting for status from 2
Base is waiting for status from 8
Base is waiting for status from 1
Base is waiting for status from 4
Base is waiting for status from 6
Base is waiting for status from 3
Base is waiting for status from 5
Base is waiting for status from 7
Base is waiting for status from 11
Base is waiting for status from 10
Base is waiting for status from 9
current iteration 23
Base is waiting for status from 12
Base is waiting for status from 0
Base is waiting for status from 4
Base is waiting for status from 8
Base is waiting for status from 1
Base is waiting for status from 2
Base is waiting for status from 5
Base is waiting for status from 3
Base is waiting for status from 6
Base is waiting for status from 7
Base is waiting for status from 11
Base is waiting for status from 10
Base is waiting for status from 9
current iteration 24
Base is waiting for status from 12
Base is waiting for status from 0
Base is waiting for status from 4
Base is waiting for status from 8
Base is waiting for status from 1
Base is waiting for status from 2
Base is waiting for status from 5
Base is waiting for status from 3
Base is waiting for status from 6
Base is waiting for status from 7
Base is waiting for status from 11
Base is waiting for status from 9
Base is waiting for status from 10
current iteration 25
Base is waiting for status from 12
Base is waiting for status from 0
Base is waiting for status from 2
Base is waiting for status from 4
Base is waiting for status from 8
Base is waiting for status from 1
Base is waiting for status from 6
Base is waiting for status from 5
Base is waiting for status from 7
Base is waiting for status from 3
Base is waiting for status from 11
current iteration 26
Base is waiting for status from 9
Base is waiting for status from 10
Base is waiting for status from 12
Base is waiting for status from 0
Base is waiting for status from 2
Base is waiting for status from 8
Base is waiting for status from 5
Base is waiting for status from 4
Base is waiting for status from 1
Base is waiting for status from 6
Base is waiting for status from 3
Base is waiting for status from 7
Base is waiting for status from 11
Base is waiting for status from 9
current iteration 27
Base is waiting for status from 10
Base is waiting for status from 12
Base is waiting for status from 0
Base is waiting for status from 2
Base is waiting for status from 4
Base is waiting for status from 8
Base is waiting for status from 7
Base is waiting for status from 5
Base is waiting for status from 1
Base is waiting for status from 3
Base is waiting for status from 11
Base is waiting for status from 9
Base is waiting for status from 12
Base is waiting for status from 10
current iteration 28
Base is waiting for status from 6
Base is waiting for status from 0
Base is waiting for status from 2
Base is waiting for status from 8
Base is waiting for status from 3
Base is waiting for status from 4
Base is waiting for status from 1
Base is waiting for status from 5
Base is waiting for status from 7
Base is waiting for status from 11
Base is waiting for status from 12
Base is waiting for status from 9
current iteration 29
Base is waiting for status from 10
Base is waiting for status from 6
Base is waiting for status from 0
Base is waiting for status from 2
Base is waiting for status from 8
Base is waiting for status from 3
Base is waiting for status from 5
Base is waiting for status from 7
Base is waiting for status from 4
Base is waiting for status from 1
Base is waiting for status from 11
Base is waiting for status from 9
Base is waiting for status from 12
Base is waiting for status from 10
current iteration 30
Base is waiting for status from 6
Base is waiting for status from 0
Base is waiting for status from 3
Base is waiting for status from 2
Base is waiting for status from 5
Base is waiting for status from 8
Base is waiting for status from 1
Base is waiting for status from 7
Base is waiting for status from 11
Base is waiting for status from 4
Base is waiting for status from 9
Base is waiting for status from 12
Base is waiting for status from 10
current iteration 31
Base is waiting for status from 6
Base is waiting for status from 0
Base is waiting for status from 7
Base is waiting for status from 3
Base is waiting for status from 1
Base is waiting for status from 5
Base is waiting for status from 8
Base is waiting for status from 2
Base is waiting for status from 11
Base is waiting for status from 4
Base is waiting for status from 9
Base is waiting for status from 12
Base is waiting for status from 10
current iteration 32
Base is waiting for status from 6
Base is waiting for status from 0
Base is waiting for status from 7
Base is waiting for status from 1
Base is waiting for status from 4
Base is waiting for status from 3
Base is waiting for status from 5
Base is waiting for status from 8
Base is waiting for status from 2
Base is waiting for status from 11
Base is waiting for status from 9
Base is waiting for status from 12
Base is waiting for status from 10
current iteration 33
Base is waiting for status from 6
Base is waiting for status from 0
Base is waiting for status from 1
Base is waiting for status from 11
Base is waiting for status from 8
Base is waiting for status from 4
Base is waiting for status from 5
Base is waiting for status from 3
Base is waiting for status from 2
Base is waiting for status from 7
Base is waiting for status from 9
Base is waiting for status from 12
Base is waiting for status from 10
current iteration 34
Base is waiting for status from 6
Base is waiting for status from 0
Base is waiting for status from 11
Base is waiting for status from 3
Base is waiting for status from 1
Base is waiting for status from 5
Base is waiting for status from 2
Base is waiting for status from 9
Base is waiting for status from 4
Base is waiting for status from 7
Base is waiting for status from 8
Base is waiting for status from 12
Base is waiting for status from 10
current iteration 35
Base is waiting for status from 6
Base is waiting for status from 0
Base is waiting for status from 11
Base is waiting for status from 5
Base is waiting for status from 3
Base is waiting for status from 1
Base is waiting for status from 8
Base is waiting for status from 9
Base is waiting for status from 4
Base is waiting for status from 7
Base is waiting for status from 2
Base is waiting for status from 10
Base is waiting for status from 12
current iteration 36
Base is waiting for status from 6
Base is waiting for status from 0
Base is waiting for status from 11
Base is waiting for status from 5
Base is waiting for status from 3
Base is waiting for status from 4
Base is waiting for status from 12
Base is waiting for status from 8
Base is waiting for status from 10
Base is waiting for status from 9
Base is waiting for status from 7
Base is waiting for status from 2
current iteration 37
Base is waiting for status from 1
Base is waiting for status from 6
Base is waiting for status from 0
Base is waiting for status from 4
Base is waiting for status from 5
Base is waiting for status from 11
Base is waiting for status from 10
Base is waiting for status from 9
Base is waiting for status from 8
Base is waiting for status from 12
Base is waiting for status from 3
Base is waiting for status from 7
Base is waiting for status from 2
Base is waiting for status from 1
current iteration 38
Base is waiting for status from 6
Base is waiting for status from 0
Base is waiting for status from 4
Base is waiting for status from 5
Base is waiting for status from 9
Base is waiting for status from 11
Base is waiting for status from 12
Base is waiting for status from 10
Base is waiting for status from 8
Base is waiting for status from 3
Base is waiting for status from 7
Base is waiting for status from 2
Base is waiting for status from 1
current iteration 39
Base is waiting for status from 6
Base is waiting for status from 0
Base is waiting for status from 4
Base is waiting for status from 11
Base is waiting for status from 9
Base is waiting for status from 5
Base is waiting for status from 7
Base is waiting for status from 3
Base is waiting for status from 8
Base is waiting for status from 12
Base is waiting for status from 10
Base is waiting for status from 1
Base is waiting for status from 2
current iteration 40
Base is waiting for status from 6
Base is waiting for status from 4
Base is waiting for status from 0
Base is waiting for status from 11
Base is waiting for status from 5
Base is waiting for status from 9
Base is waiting for status from 3
Base is waiting for status from 12
Base is waiting for status from 8
Base is waiting for status from 7
Base is waiting for status from 10
Base is waiting for status from 1
Base is waiting for status from 2
current iteration 41
Base is waiting for status from 6
Base is waiting for status from 4
Base is waiting for status from 0
Base is waiting for status from 7
Base is waiting for status from 8
Base is waiting for status from 9
Base is waiting for status from 5
Base is waiting for status from 3
Base is waiting for status from 12
Base is waiting for status from 11
Base is waiting for status from 10
Base is waiting for status from 2
Base is waiting for status from 1
current iteration 42
Base is waiting for status from 6
Base is waiting for status from 7
Base is waiting for status from 0
Base is waiting for status from 4
Base is waiting for status from 12
Base is waiting for status from 5
Base is waiting for status from 11
Base is waiting for status from 8
Base is waiting for status from 2
Base is waiting for status from 3
Base is waiting for status from 10
Base is waiting for status from 9
Base is waiting for status from 1
current iteration 43
Base is waiting for status from 6
Base is waiting for status from 7
Base is waiting for status from 12
Base is waiting for status from 11
Base is waiting for status from 5
Base is waiting for status from 10
Base is waiting for status from 3
Base is waiting for status from 1
Base is waiting for status from 8
Base is waiting for status from 4
Base is waiting for status from 0
Base is waiting for status from 9
Base is waiting for status from 2
current iteration 44
Base is waiting for status from 6
Base is waiting for status from 11
Base is waiting for status from 5
Base is waiting for status from 1
Base is waiting for status from 3
Base is waiting for status from 8
Base is waiting for status from 12
Base is waiting for status from 10
Base is waiting for status from 4
Base is waiting for status from 2
Base is waiting for status from 9
Base is waiting for status from 7
Base is waiting for status from 0
current iteration 45
Base is waiting for status from 6
Base is waiting for status from 11
Base is waiting for status from 1
Base is waiting for status from 5
Base is waiting for status from 3
Base is waiting for status from 10
Base is waiting for status from 2
Base is waiting for status from 12
Base is waiting for status from 8
Base is waiting for status from 9
Base is waiting for status from 4
Base is waiting for status from 0
Base is waiting for status from 7
current iteration 46
Base is waiting for status from 6
Base is waiting for status from 11
Base is waiting for status from 12
Base is waiting for status from 5
Base is waiting for status from 7
Base is waiting for status from 1
Base is waiting for status from 10
Base is waiting for status from 2
Base is waiting for status from 3
Base is waiting for status from 8
Base is waiting for status from 0
Base is waiting for status from 9
Base is waiting for status from 4
current iteration 47
Base is waiting for status from 6
Base is waiting for status from 11
Base is waiting for status from 3
Base is waiting for status from 12
Base is waiting for status from 8
Base is waiting for status from 1
Base is waiting for status from 7
Base is waiting for status from 0
Base is waiting for status from 10
Base is waiting for status from 2
Base is waiting for status from 5
Base is waiting for status from 4
Base is waiting for status from 9
current iteration 48
Base is waiting for status from 6
Base is waiting for status from 12
Base is waiting for status from 7
Base is waiting for status from 3
Base is waiting for status from 0
Base is waiting for status from 10
Base is waiting for status from 2
Base is waiting for status from 5
Base is waiting for status from 8
Base is waiting for status from 11
Base is waiting for status from 1
Base is waiting for status from 9
Base is waiting for status from 4
current iteration 49
Base is waiting for status from 6
Base is waiting for status from 7
Base is waiting for status from 0
Base is waiting for status from 3
Base is waiting for status from 12
Base is waiting for status from 1
Base is waiting for status from 11
Base is waiting for status from 5
Base is waiting for status from 10
Base is waiting for status from 8
Base is waiting for status from 2
Base is waiting for status from 4
Base is waiting for status from 9
current iteration 50
Base is waiting for status from 6
Base is waiting for status from 7
Base is waiting for status from 3
Base is waiting for status from 0
Base is waiting for status from 12
Base is waiting for status from 10
Base is waiting for status from 1
Base is waiting for status from 11
Base is waiting for status from 5
Base is waiting for status from 8
Base is waiting for status from 2
Base is waiting for status from 9
Base is waiting for status from 4
current iteration 51
Base is waiting for status from 6
Base is waiting for status from 7
Base is waiting for status from 11
Base is waiting for status from 3
Base is waiting for status from 0
Base is waiting for status from 10
Base is waiting for status from 12
Base is waiting for status from 5
Base is waiting for status from 1
Base is waiting for status from 8
Base is waiting for status from 2
Base is waiting for status from 9
Base is waiting for status from 4
current iteration 52
Base is waiting for status from 6
Base is waiting for status from 11
Base is waiting for status from 7
Base is waiting for status from 3
Base is waiting for status from 12
Base is waiting for status from 0
Base is waiting for status from 10
Base is waiting for status from 8
Base is waiting for status from 2
Base is waiting for status from 5
Base is waiting for status from 1
Base is waiting for status from 9
Base is waiting for status from 4
current iteration 53
Base is waiting for status from 6
Base is waiting for status from 7
Base is waiting for status from 11
Base is waiting for status from 0
Base is waiting for status from 12
Base is waiting for status from 3
Base is waiting for status from 5
Base is waiting for status from 10
Base is waiting for status from 8
Base is waiting for status from 2
Base is waiting for status from 1
Base is waiting for status from 9
Base is waiting for status from 4
current iteration 54
Base is waiting for status from 6
Base is waiting for status from 0
Base is waiting for status from 7
Base is waiting for status from 3
Base is waiting for status from 8
Base is waiting for status from 12
Base is waiting for status from 5
Base is waiting for status from 10
Base is waiting for status from 9
Base is waiting for status from 11
Base is waiting for status from 1
Base is waiting for status from 2
Base is waiting for status from 4
current iteration 55
Base is waiting for status from 6
Base is waiting for status from 0
Base is waiting for status from 8
Base is waiting for status from 3
Base is waiting for status from 7
Base is waiting for status from 9
Base is waiting for status from 12
Base is waiting for status from 10
Base is waiting for status from 4
Base is waiting for status from 2
Base is waiting for status from 5
Base is waiting for status from 11
Base is waiting for status from 1
current iteration 56
Base is waiting for status from 6
Base is waiting for status from 8
Base is waiting for status from 0
Base is waiting for status from 3
Base is waiting for status from 12
Base is waiting for status from 5
Base is waiting for status from 7
Base is waiting for status from 2
Base is waiting for status from 11
Base is waiting for status from 10
Base is waiting for status from 1
Base is waiting for status from 4
Base is waiting for status from 9
current iteration 57
Base is waiting for status from 6
Base is waiting for status from 8
Base is waiting for status from 0
Base is waiting for status from 12
Base is waiting for status from 10
Base is waiting for status from 3
Base is waiting for status from 2
Base is waiting for status from 7
Base is waiting for status from 4
Base is waiting for status from 1
Base is waiting for status from 5
Base is waiting for status from 11
Base is waiting for status from 9
current iteration 58
Base is waiting for status from 6
Base is waiting for status from 8
Base is waiting for status from 0
Base is waiting for status from 10
Base is waiting for status from 12
Base is waiting for status from 4
Base is waiting for status from 3
Base is waiting for status from 2
Base is waiting for status from 11
Base is waiting for status from 9
Base is waiting for status from 1
Base is waiting for status from 7
Base is waiting for status from 5
current iteration 59
Base is waiting for status from 6
Base is waiting for status from 8
Base is waiting for status from 2
Base is waiting for status from 12
Base is waiting for status from 10
Base is waiting for status from 0
Base is waiting for status from 4
Base is waiting for status from 7
Base is waiting for status from 9
Base is waiting for status from 1
Base is waiting for status from 11
Base is waiting for status from 3
Base is waiting for status from 5
current iteration 60
Base is waiting for status from 6
Base is waiting for status from 2
Base is waiting for status from 10
Base is waiting for status from 11
Base is waiting for status from 12
Base is waiting for status from 8
Base is waiting for status from 9
Base is waiting for status from 0
Base is waiting for status from 3
Base is waiting for status from 5
Base is waiting for status from 4
Base is waiting for status from 7
Base is waiting for status from 1
Base is waiting for status from 6
terminating thread from baseBase is waiting for status from 8
terminating thread from baseBase is waiting for status from 2
terminating thread from baseBase is waiting for status from 11
terminating thread from baseBase is waiting for status from 10
terminating thread from baseBase is waiting for status from 3
terminating thread from baseBase is waiting for status from 12
Base is waiting for status from 9
terminating thread from baseterminating thread from baseBase is waiting for status from 5
terminating thread from baseBase is waiting for status from 1
terminating thread from baseBase is waiting for status from 7
terminating thread from baseBase is waiting for status from 4
slurmstepd: error: *** JOB 10823 ON student-caas-n10 CANCELLED AT 2023-10-15T17:31:55 ***
slurmstepd: error: *** STEP 10823.0 ON student-caas-n10 CANCELLED AT 2023-10-15T17:31:55 ***
