srun: Warning: can't run 9 processes on 10 nodes, setting nnodes to 9
Base is running with 8
current iteration 1
Base is waiting for status from 0
Base is waiting for status from 1
Base is waiting for status from 3
Base is waiting for status from 4
Base is waiting for status from 2
Base is waiting for status from 5
Base is waiting for status from 6
current iteration 2
Base is waiting for status from 7
Base is waiting for status from 0
Base is waiting for status from 1
Base is waiting for status from 3
Base is waiting for status from 4
Base is waiting for status from 2
Base is waiting for status from 5
Base is waiting for status from 6
current iteration 3
Base is waiting for status from 7
Base is waiting for status from 0
Base is waiting for status from 1
Base is waiting for status from 3
Base is waiting for status from 4
Base is waiting for status from 2
Base is waiting for status from 5
Base is waiting for status from 6
current iteration 4
Base is waiting for status from 7
Base is waiting for status from 0
Base is waiting for status from 1
Base is waiting for status from 3
Base is waiting for status from 4
Base is waiting for status from 2
Base is waiting for status from 5
Base is waiting for status from 6
current iteration 5
Base is waiting for status from 7
Base is waiting for status from 0
Base is waiting for status from 1
Base is waiting for status from 3
Base is waiting for status from 2
Base is waiting for status from 4
Base is waiting for status from 6
Base is waiting for status from 5
current iteration 6
Base is waiting for status from 7
Base is waiting for status from 0
Base is waiting for status from 1
Base is waiting for status from 3
Base is waiting for status from 2
Base is waiting for status from 6
Base is waiting for status from 4
Base is waiting for status from 5
current iteration 7
Base is waiting for status from 7
Base is waiting for status from 0
Base is waiting for status from 1
Base is waiting for status from 3
Base is waiting for status from 4
Base is waiting for status from 6
Base is waiting for status from 5
Base is waiting for status from 2
current iteration 8
Base is waiting for status from 7
Base is waiting for status from 0
Base is waiting for status from 1
Base is waiting for status from 3
Base is waiting for status from 6
Base is waiting for status from 4
Base is waiting for status from 5
Base is waiting for status from 2
current iteration 9
Base is waiting for status from 7
Base is waiting for status from 0
Base is waiting for status from 1
Base is waiting for status from 5
Base is waiting for status from 4
Base is waiting for status from 2
Base is waiting for status from 3
Base is waiting for status from 6
current iteration 10
Base is waiting for status from 7
Base is waiting for status from 0
Base is waiting for status from 1
Base is waiting for status from 5
Base is waiting for status from 4
current iteration 11
Base is waiting for status from 3
Base is waiting for status from 2
Base is waiting for status from 7
Base is waiting for status from 6
Base is waiting for status from 1
Base is waiting for status from 5
Base is waiting for status from 4
Base is waiting for status from 0
Base is waiting for status from 3
current iteration 12
Base is waiting for status from 6
Base is waiting for status from 2
Base is waiting for status from 7
Base is waiting for status from 1
Base is waiting for status from 5
Base is waiting for status from 4
current iteration 13
Base is waiting for status from 2
Base is waiting for status from 6
Base is waiting for status from 3
Base is waiting for status from 7
Base is waiting for status from 0
Base is waiting for status from 1
Base is waiting for status from 3
Base is waiting for status from 4
Base is waiting for status from 2
Base is waiting for status from 0
Base is waiting for status from 7
current iteration 14
Base is waiting for status from 5
Base is waiting for status from 6
Base is waiting for status from 1
Base is waiting for status from 3
Base is waiting for status from 2
Base is waiting for status from 4
Base is waiting for status from 7
Base is waiting for status from 0
Base is waiting for status from 5
current iteration 15
Base is waiting for status from 6
Base is waiting for status from 4
Base is waiting for status from 1
Base is waiting for status from 7
Base is waiting for status from 3
Base is waiting for status from 2
Base is waiting for status from 5
current iteration 16
Base is waiting for status from 0
Base is waiting for status from 6
Base is waiting for status from 1
Base is waiting for status from 2
Base is waiting for status from 6
Base is waiting for status from 4
current iteration 17
Base is waiting for status from 5
Base is waiting for status from 7
Base is waiting for status from 3
Base is waiting for status from 0
Base is waiting for status from 1
Base is waiting for status from 4
Base is waiting for status from 3
Base is waiting for status from 6
Base is waiting for status from 7
Base is waiting for status from 2
current iteration 18
Base is waiting for status from 0
Base is waiting for status from 5
Base is waiting for status from 1
Base is waiting for status from 2
Base is waiting for status from 4
Base is waiting for status from 3
current iteration 19
Base is waiting for status from 0
Base is waiting for status from 5
Base is waiting for status from 6
Base is waiting for status from 7
Base is waiting for status from 4
Base is waiting for status from 2
Base is waiting for status from 3
current iteration 20
Base is waiting for status from 5
Base is waiting for status from 0
Base is waiting for status from 1
Base is waiting for status from 6
Base is waiting for status from 7
Base is waiting for status from 2
Base is waiting for status from 3
Base is waiting for status from 0
Base is waiting for status from 4
current iteration 21
Base is waiting for status from 5
Base is waiting for status from 1
Base is waiting for status from 6
Base is waiting for status from 7
current iteration 22
Base is waiting for status from 0
Base is waiting for status from 3
Base is waiting for status from 4
Base is waiting for status from 5
Base is waiting for status from 2
Base is waiting for status from 6
Base is waiting for status from 1
Base is waiting for status from 7
current iteration 23
Base is waiting for status from 0
Base is waiting for status from 5
Base is waiting for status from 2
Base is waiting for status from 4
Base is waiting for status from 1
Base is waiting for status from 6
Base is waiting for status from 3
Base is waiting for status from 7
current iteration 24
Base is waiting for status from 5
Base is waiting for status from 1
Base is waiting for status from 7
Base is waiting for status from 6
Base is waiting for status from 0
Base is waiting for status from 4
Base is waiting for status from 2
Base is waiting for status from 3
current iteration 25
Base is waiting for status from 1
Base is waiting for status from 2
Base is waiting for status from 0
Base is waiting for status from 4
Base is waiting for status from 6
Base is waiting for status from 7
Base is waiting for status from 5
Base is waiting for status from 3
current iteration 26
Base is waiting for status from 1
Base is waiting for status from 4
Base is waiting for status from 5
Base is waiting for status from 3
Base is waiting for status from 2
Base is waiting for status from 0
Base is waiting for status from 6
Base is waiting for status from 7
current iteration 27
Base is waiting for status from 1
Base is waiting for status from 3
Base is waiting for status from 4
Base is waiting for status from 5
Base is waiting for status from 6
Base is waiting for status from 0
Base is waiting for status from 2
Base is waiting for status from 7
current iteration 28
Base is waiting for status from 1
Base is waiting for status from 5
Base is waiting for status from 2
Base is waiting for status from 6
Base is waiting for status from 7
Base is waiting for status from 4
Base is waiting for status from 3
Base is waiting for status from 0
current iteration 29
Base is waiting for status from 1
Base is waiting for status from 6
Base is waiting for status from 5
Base is waiting for status from 2
Base is waiting for status from 7
Base is waiting for status from 4
Base is waiting for status from 0
Base is waiting for status from 3
current iteration 30
Base is waiting for status from 1
Base is waiting for status from 2
Base is waiting for status from 5
Base is waiting for status from 6
Base is waiting for status from 3
Base is waiting for status from 0
Base is waiting for status from 4
Base is waiting for status from 7
current iteration 31
Base is waiting for status from 1
Base is waiting for status from 4
Base is waiting for status from 5
Base is waiting for status from 2
Base is waiting for status from 0
Base is waiting for status from 3
Base is waiting for status from 7
Base is waiting for status from 6
current iteration 32
Base is waiting for status from 1
Base is waiting for status from 2
Base is waiting for status from 4
Base is waiting for status from 0
Base is waiting for status from 7
Base is waiting for status from 5
Base is waiting for status from 3
Base is waiting for status from 6
current iteration 33
Base is waiting for status from 1
Base is waiting for status from 4
Base is waiting for status from 0
Base is waiting for status from 2
Base is waiting for status from 7
Base is waiting for status from 6
Base is waiting for status from 5
Base is waiting for status from 3
current iteration 34
Base is waiting for status from 1
Base is waiting for status from 2
Base is waiting for status from 5
Base is waiting for status from 7
Base is waiting for status from 0
Base is waiting for status from 4
Base is waiting for status from 6
Base is waiting for status from 3
current iteration 35
Base is waiting for status from 1
Base is waiting for status from 2
Base is waiting for status from 3
Base is waiting for status from 5
Base is waiting for status from 7
Base is waiting for status from 6
Base is waiting for status from 4
Base is waiting for status from 0
current iteration 36
Base is waiting for status from 1
Base is waiting for status from 5
Base is waiting for status from 6
Base is waiting for status from 0
Base is waiting for status from 2
Base is waiting for status from 4
Base is waiting for status from 7
Base is waiting for status from 3
current iteration 37
Base is waiting for status from 1
Base is waiting for status from 5
Base is waiting for status from 6
Base is waiting for status from 0
Base is waiting for status from 2
Base is waiting for status from 4
Base is waiting for status from 7
Base is waiting for status from 3
current iteration 38
Base is waiting for status from 5
Base is waiting for status from 6
Base is waiting for status from 0
Base is waiting for status from 2
Base is waiting for status from 4
Base is waiting for status from 1
Base is waiting for status from 7
Base is waiting for status from 3
current iteration 39
Base is waiting for status from 5
Base is waiting for status from 6
Base is waiting for status from 1
Base is waiting for status from 0
Base is waiting for status from 7
Base is waiting for status from 2
Base is waiting for status from 4
Base is waiting for status from 3
current iteration 40
Base is waiting for status from 1
Base is waiting for status from 5
Base is waiting for status from 2
Base is waiting for status from 6
Base is waiting for status from 7
Base is waiting for status from 4
Base is waiting for status from 0
Base is waiting for status from 3
current iteration 41
Base is waiting for status from 1
Base is waiting for status from 5
Base is waiting for status from 7
Base is waiting for status from 4
Base is waiting for status from 3
Base is waiting for status from 6
Base is waiting for status from 2
Base is waiting for status from 0
current iteration 42
Base is waiting for status from 1
Base is waiting for status from 0
Base is waiting for status from 3
Base is waiting for status from 7
Base is waiting for status from 6
Base is waiting for status from 4
Base is waiting for status from 2
Base is waiting for status from 5
current iteration 43
Base is waiting for status from 0
Base is waiting for status from 2
Base is waiting for status from 6
Base is waiting for status from 7
Base is waiting for status from 4
Base is waiting for status from 1
Base is waiting for status from 3
Base is waiting for status from 5
current iteration 44
Base is waiting for status from 2
Base is waiting for status from 7
Base is waiting for status from 4
Base is waiting for status from 1
Base is waiting for status from 0
Base is waiting for status from 6
Base is waiting for status from 5
Base is waiting for status from 3
current iteration 45
Base is waiting for status from 0
Base is waiting for status from 7
Base is waiting for status from 4
Base is waiting for status from 1
Base is waiting for status from 2
Base is waiting for status from 6
Base is waiting for status from 3
Base is waiting for status from 5
current iteration 46
Base is waiting for status from 7
Base is waiting for status from 0
Base is waiting for status from 4
Base is waiting for status from 2
Base is waiting for status from 1
Base is waiting for status from 6
Base is waiting for status from 3
Base is waiting for status from 5
current iteration 47
Base is waiting for status from 7
Base is waiting for status from 2
Base is waiting for status from 0
Base is waiting for status from 3
Base is waiting for status from 4
Base is waiting for status from 1
Base is waiting for status from 6
Base is waiting for status from 5
current iteration 48
Base is waiting for status from 7
Base is waiting for status from 3
Base is waiting for status from 1
Base is waiting for status from 2
Base is waiting for status from 0
Base is waiting for status from 6
Base is waiting for status from 4
Base is waiting for status from 5
current iteration 49
Base is waiting for status from 4
Base is waiting for status from 3
Base is waiting for status from 0
Base is waiting for status from 7
Base is waiting for status from 5
Base is waiting for status from 2
Base is waiting for status from 1
Base is waiting for status from 6
current iteration 50
Base is waiting for status from 4
Base is waiting for status from 6
Base is waiting for status from 2
Base is waiting for status from 3
Base is waiting for status from 0
Base is waiting for status from 5
Base is waiting for status from 7
Base is waiting for status from 1
current iteration 51
Base is waiting for status from 4
Base is waiting for status from 6
Base is waiting for status from 3
Base is waiting for status from 7
Base is waiting for status from 0
Base is waiting for status from 5
Base is waiting for status from 2
Base is waiting for status from 1
current iteration 52
Base is waiting for status from 4
Base is waiting for status from 3
Base is waiting for status from 5
Base is waiting for status from 0
Base is waiting for status from 7
Base is waiting for status from 1
Base is waiting for status from 2
Base is waiting for status from 6
current iteration 53
Base is waiting for status from 4
Base is waiting for status from 7
Base is waiting for status from 2
Base is waiting for status from 5
Base is waiting for status from 3
Base is waiting for status from 1
Base is waiting for status from 0
Base is waiting for status from 6
current iteration 54
Base is waiting for status from 4
Base is waiting for status from 1
Base is waiting for status from 3
Base is waiting for status from 6
Base is waiting for status from 5
Base is waiting for status from 2
Base is waiting for status from 0
Base is waiting for status from 7
current iteration 55
Base is waiting for status from 4
Base is waiting for status from 0
Base is waiting for status from 6
Base is waiting for status from 1
Base is waiting for status from 7
Base is waiting for status from 2
Base is waiting for status from 5
Base is waiting for status from 3
current iteration 56
Base is waiting for status from 4
Base is waiting for status from 0
Base is waiting for status from 3
Base is waiting for status from 5
Base is waiting for status from 6
Base is waiting for status from 2
Base is waiting for status from 1
Base is waiting for status from 7
current iteration 57
Base is waiting for status from 3
Base is waiting for status from 5
Base is waiting for status from 6
Base is waiting for status from 1
Base is waiting for status from 0
Base is waiting for status from 7
Comm Size: 8: Grid Dimension =[4 x 2] 
Process 0 has coordinates (0, 0)
iteration 0 rank 0 availabilty: 5
iteration 2 rank 0 availabilty: 4
iteration 4 rank 0 availabilty: 3
iteration 6 rank 0 availabilty: 4
iteration 8 rank 0 availabilty: 5
iteration 10 rank 0 availabilty: 5
iteration 12 rank 0 availabilty: 3
iteration 14 rank 0 availabilty: 2
iteration 16 rank 0 availabilty: 0
node_status availability 2rank 0 has enough availability nearby nodes
rank 0 received request for availability from 1
rank 0 received request for availability from 2
iteration 18 rank 0 availabilty: 0
node_status availability 00Base comm 8 at 0.000000
done communicating
terminating communication thread
rank 0 received request for availability from 1
Next available charging station is 1
iteration 20 rank 0 availabilty: 3
Next available charging station is 1
Next available charging station is 1
iteration 22 rank 0 availabilty: 5
iteration 24 rank 0 availabilty: 5
iteration 26 rank 0 availabilty: 5
iteration 28 rank 0 availabilty: 2
Process 2 has coordinates (1, 0)
iteration 0 rank 2 availabilty: 5
iteration 2 rank 2 availabilty: 4
iteration 4 rank 2 availabilty: 3
iteration 6 rank 2 availabilty: 4
iteration 8 rank 2 availabilty: 4
iteration 10 rank 2 availabilty: 5
iteration 12 rank 2 availabilty: 3
iteration 14 rank 2 availabilty: 2
rank 2 received request for availability from 3
rank 2 received request for availability from 4
rank 2 received request for availability from 0
iteration 16 rank 2 availabilty: 0
node_status availability 02Base comm 8 at 0.000000
done communicating
terminating communication thread
rank 2 received request for availability from 3
rank 2 received request for availability from 4
rank 2 received request for availability from 0
Next available charging station is 1
iteration 18 rank 2 availabilty: 2
Next available charging station is 1
Next available charging station is 1
iteration 20 rank 2 availabilty: 5
Next available charging station is 1
iteration 22 rank 2 availabilty: 5
iteration 24 rank 2 availabilty: 5
iteration 26 rank 2 availabilty: 3
rank 2 received request for availability from 3
iteration 28 rank 2 availabilty: 0
node_status availability 2rank 2 has enough availability nearby nodes
rank 2 received request for availability from 4
rank 2 received request for availability from 0
rank 2 received request for availability from 3
iteration 30 rank 2 availabilty: 0
node_status availability 0rank 2 has enough availability nearby nodes
iteration 32 rank 2 availabilty: 2
rank 2 received request for availability from 4
rank 2 received request for availability from 0
iteration 34 rank 2 availabilty: 1
node_status availability 12Base comm 8 at 23.998794
done communicating
terminating communication thread
Next available charging station is 1
iteration 36 rank 2 availabilty: 4
Next available charging station is 1
Next available charging station is 1
iteration 38 rank 2 availabilty: 4
Next available charging station is 1
iteration 40 rank 2 availabilty: 3
iteration 42 rank 2 availabilty: 1
node_status availability 3rank 2 has enough availability nearby nodes
rank 2 received request for availability from 3
rank 2 received request for availability from 0
rank 2 received request for availability from 4
iteration 44 rank 2 availabilty: 0
node_status availability 12Base comm 8 at 37.016173
done communicating
terminating communication thread
Next available charging station is 1
Next available charging station is 1
iteration 46 rank 2 availabilty: 1
node_status availability 3rank 2 has enough availability nearby nodes
Next available charging station is 1
Next available charging station is 1
iteration 48 rank 2 availabilty: 3
Process 2 received termination signal.
terminating threads 2
terminating threads 4
terminating threads 3
terminating threads 1
terminating threads 0
Process 2 terminated.
Process 3 has coordinates (1, 1)
iteration 0 rank 3 availabilty: 5
iteration 2 rank 3 availabilty: 4
iteration 4 rank 3 availabilty: 3
iteration 6 rank 3 availabilty: 4
iteration 8 rank 3 availabilty: 5
iteration 10 rank 3 availabilty: 5
iteration 12 rank 3 availabilty: 3
iteration 14 rank 3 availabilty: 2
iteration 16 rank 3 availabilty: 0
node_status availability 1rank 3 has enough availability nearby nodes
rank 3 received request for availability from 2
rank 3 received request for availability from 5
iteration 18 rank 3 availabilty: 1
node_status availability 03Base comm 8 at 0.000000
done communicating
terminating communication thread
rank 3 received request for availability from 1
Next available charging station is 1
iteration 20 rank 3 availabilty: 3
Next available charging station is 1
Next available charging station is 1
iteration 22 rank 3 availabilty: 5
Next available charging station is 1
iteration 24 rank 3 availabilty: 5
iteration 26 rank 3 availabilty: 5
iteration 28 rank 3 availabilty: 1
node_status availability 3rank 3 has enough availability nearby nodes
rank 3 received request for availability from 2
rank 3 received request for availability from 5
rank 3 received request for availability from 1
iteration 30 rank 3 availabilty: 0
node_status availability 03Base comm 8 at 13.990375
done communicating
terminating communication thread
Next available charging station is 1
rank 3 received request for availability from 2
rank 3 received request for availability from 5
rank 3 received request for availability from 1
Next available charging station is 1
iteration 32 rank 3 availabilty: 2
Next available charging station is 1
Next available charging station is 1
iteration 34 rank 3 availabilty: 2
rank 3 received request for availability from 1
iteration 36 rank 3 availabilty: 0
node_status availability 13Base comm 8 at 20.997706
done communicating
terminating communication thread
Next available charging station is 1
Next available charging station is 1
iteration 38 rank 3 availabilty: 3
Process 4 has coordinates (2, 0)
iteration 0 rank 4 availabilty: 5
iteration 2 rank 4 availabilty: 4
iteration 4 rank 4 availabilty: 3
iteration 6 rank 4 availabilty: 4
iteration 8 rank 4 availabilty: 5
iteration 10 rank 4 availabilty: 5
iteration 12 rank 4 availabilty: 3
iteration 14 rank 4 availabilty: 2
iteration 16 rank 4 availabilty: 0
node_status availability 2rank 4 has enough availability nearby nodes
rank 4 received request for availability from 2
iteration 18 rank 4 availabilty: 0
node_status availability 04Base comm 8 at 0.000000
done communicating
terminating communication thread
Next available charging station is 1
iteration 20 rank 4 availabilty: 3
Next available charging station is 1
Next available charging station is 1
iteration 22 rank 4 availabilty: 5
Next available charging station is 1
iteration 24 rank 4 availabilty: 5
iteration 26 rank 4 availabilty: 5
iteration 28 rank 4 availabilty: 2
rank 4 received request for availability from 5
rank 4 received request for availability from 6
Process 1 has coordinates (0, 1)
iteration 0 rank 1 availabilty: 5
iteration 2 rank 1 availabilty: 4
iteration 4 rank 1 availabilty: 3
iteration 6 rank 1 availabilty: 4
iteration 8 rank 1 availabilty: 5
iteration 10 rank 1 availabilty: 5
iteration 12 rank 1 availabilty: 3
iteration 14 rank 1 availabilty: 2
rank 1 received request for availability from 0
iteration 16 rank 1 availabilty: 0
node_status availability 11Base comm 8 at 0.000000
done communicating
terminating communication thread
Next available charging station is 1
rank 1 received request for availability from 3
rank 1 received request for availability from 0
iteration 18 rank 1 availabilty: 1
node_status availability 11Base comm 8 at 3.004166
done communicating
terminating communication thread
Next available charging station is 1
Next available charging station is 1
iteration 20 rank 1 availabilty: 5
Next available charging station is 1
Next available charging station is 1
iteration 22 rank 1 availabilty: 5
iteration 24 rank 1 availabilty: 5
rank 4 received request for availability from 2
iteration 30 rank 4 availabilty: 0
node_status availability 04Base comm 8 at 13.015796
done communicating
terminating communication thread
Next available charging station is 1
Next available charging station is 1
iteration 32 rank 4 availabilty: 2
Next available charging station is 1
rank 4 received request for availability from 5
rank 4 received request for availability from 6
rank 4 received request for availability from 2
Next available charging station is 1
iteration 34 rank 4 availabilty: 2
iteration 36 rank 4 availabilty: 1
node_status availability 2rank 4 has enough availability nearby nodes
rank 4 received request for availability from 5
rank 4 received request for availability from 6
rank 4 received request for availability from 2
iteration 38 rank 4 availabilty: 2
iteration 40 rank 4 availabilty: 4
iteration 42 rank 4 availabilty: 5
iteration 44 rank 4 availabilty: 4
iteration 46 rank 4 availabilty: 2
rank 4 received request for availability from 2
iteration 26 rank 1 availabilty: 3
rank 1 received request for availability from 3
iteration 28 rank 1 availabilty: 0
node_status availability 1rank 1 has enough availability nearby nodes
rank 1 received request for availability from 0
rank 1 received request for availability from 3
iteration 30 rank 1 availabilty: 0
node_status availability 01Base comm 8 at 16.993912
done communicating
terminating communication thread
Next available charging station is 1
iteration 32 rank 1 availabilty: 2
Next available charging station is 1
Next available charging station is 1
iteration 34 rank 1 availabilty: 1
node_status availability 2rank 1 has enough availability nearby nodes
rank 1 received request for availability from 0
rank 1 received request for availability from 3
iteration 36 rank 1 availabilty: 2
iteration 38 rank 1 availabilty: 4
iteration 40 rank 1 availabilty: 5
iteration 42 rank 1 availabilty: 4
iteration 44 rank 1 availabilty: 2
rank 1 received request for availability from 0
Next available charging station is 1
Next available charging station is 1
iteration 40 rank 3 availabilty: 5
iteration 42 rank 3 availabilty: 5
iteration 44 rank 3 availabilty: 3
rank 3 received request for availability from 2
iteration 46 rank 3 availabilty: 1
node_status availability 2rank 3 has enough availability nearby nodes
rank 3 received request for availability from 5
rank 3 received request for availability from 1
rank 3 received request for availability from 2
iteration 48 rank 3 availabilty: 2
iteration 50 rank 3 availabilty: 2
rank 3 received request for availability from 1
rank 3 received request for availability from 2
iteration 52 rank 3 availabilty: 2
iteration 54 rank 3 availabilty: 2
Process 3 received termination signal.
terminating threads 0
terminating threads 3
terminating threads 2
terminating threads 4
terminating threads 1
Process 3 terminated.
rank 4 received request for availability from 5
rank 4 received request for availability from 6
iteration 48 rank 4 availabilty: 0
node_status availability 14Base comm 8 at 34.040893
done communicating
terminating communication thread
rank 4 received request for availability from 2
Next available charging station is 1
iteration 50 rank 4 availabilty: 2
Next available charging station is 1
Next available charging station is 1
iteration 52 rank 4 availabilty: 2
Next available charging station is 1
rank 4 received request for availability from 2
iteration 54 rank 4 availabilty: 2
Process 4 received termination signal.
terminating threads 0
terminating threads 3
terminating threads 2
terminating threads 4
terminating threads 1
Process 4 terminated.
Process 5 has coordinates (2, 1)
iteration 0 rank 5 availabilty: 5
iteration 2 rank 5 availabilty: 4
iteration 4 rank 5 availabilty: 3
iteration 6 rank 5 availabilty: 4
iteration 8 rank 5 availabilty: 4
iteration 10 rank 5 availabilty: 5
iteration 12 rank 5 availabilty: 3
iteration 14 rank 5 availabilty: 2
rank 5 received request for availability from 3
iteration 16 rank 5 availabilty: 0
node_status availability 05Base comm 8 at 0.000000
done communicating
terminating communication thread
Next available charging station is 1
rank 5 received request for availability from 4
rank 5 received request for availability from 7
rank 5 received request for availability from 3
Next available charging station is 1
iteration 18 rank 5 availabilty: 2
iteration 20 rank 5 availabilty: 5
iteration 22 rank 5 availabilty: 5
iteration 24 rank 5 availabilty: 5
iteration 26 rank 5 availabilty: 3
rank 5 received request for availability from 3
iteration 28 rank 5 availabilty: 0
rank 1 received request for availability from 3
iteration 46 rank 1 availabilty: 0
node_status availability 11Base comm 8 at 35.018085
done communicating
terminating communication thread
Next available charging station is 1
iteration 48 rank 1 availabilty: 2
Next available charging station is 1
Next available charging station is 1
iteration 50 rank 1 availabilty: 1
node_status availability 2rank 1 has enough availability nearby nodes
iteration 52 rank 1 availabilty: 2
Process 1 received termination signal.
terminating threads 0
terminating threads 3
terminating threads 4
terminating threads 2
terminating threads 1
Process 1 terminated.
Process 6 has coordinates (3, 0)
iteration 0 rank 6 availabilty: 5
iteration 2 rank 6 availabilty: 4
iteration 4 rank 6 availabilty: 3
iteration 6 rank 6 availabilty: 4
iteration 8 rank 6 availabilty: 5
iteration 10 rank 6 availabilty: 4
iteration 12 rank 6 availabilty: 2
iteration 14 rank 6 availabilty: 2
iteration 16 rank 6 availabilty: 1
node_status availability 16Base comm 8 at 0.000000
done communicating
terminating communication thread
Next available charging station is 1
iteration 18 rank 6 availabilty: 1
node_status availability 16Base comm 8 at 2.007740
done communicating
terminating communication thread
Next available charging station is 1
Next available charging station is 1
iteration 20 rank 6 availabilty: 2
iteration 22 rank 6 availabilty: 3
iteration 24 rank 6 availabilty: 4
iteration 26 rank 6 availabilty: 5
iteration 28 rank 6 availabilty: 3
iteration 30 rank 6 availabilty: 0
node_status availability 2rank 6 has enough availability nearby nodes
rank 6 received request for availability from 4
Process 7 has coordinates (3, 1)
iteration 0 rank 7 availabilty: 5
iteration 2 rank 7 availabilty: 4
iteration 4 rank 7 availabilty: 3
iteration 6 rank 7 availabilty: 4
iteration 8 rank 7 availabilty: 5
iteration 10 rank 7 availabilty: 5
iteration 12 rank 7 availabilty: 3
iteration 14 rank 7 availabilty: 2
iteration 16 rank 7 availabilty: 0
node_status availability 17Base comm 8 at 0.000000
done communicating
terminating communication thread
Next available charging station is 1
Next available charging station is 1
iteration 18 rank 7 availabilty: 0
node_status availability 07Base comm 8 at 2.973743
done communicating
terminating communication thread
Next available charging station is 1
Next available charging station is 1
iteration 20 rank 7 availabilty: 3
iteration 22 rank 7 availabilty: 5
iteration 24 rank 7 availabilty: 5
iteration 26 rank 7 availabilty: 5
iteration 28 rank 7 availabilty: 2
rank 7 received request for availability from 5
rank 7 received request for availability from 6
Base is waiting for status from 4
Base is waiting for status from 2
current iteration 58
Base is waiting for status from 5
Base is waiting for status from 6
Base is waiting for status from 3
Base is waiting for status from 1
Base is waiting for status from 0
Base is waiting for status from 7
Base is waiting for status from 4
Base is waiting for status from 2
current iteration 59
Base is waiting for status from 7
Base is waiting for status from 5
Base is waiting for status from 1
Base is waiting for status from 6
Base is waiting for status from 0
Base is waiting for status from 2
Base is waiting for status from 3
Base is waiting for status from 4
current iteration 60
Base is waiting for status from 1
Base is waiting for status from 4
Base is waiting for status from 6
Base is waiting for status from 2
Base is waiting for status from 7
Base is waiting for status from 5
Base is waiting for status from 3
Base is waiting for status from 0
Base is waiting for status from 1
iteration 30 rank 7 availabilty: 0
node_status availability 07Base comm 8 at 15.989649
done communicating
terminating communication thread
Next available charging station is 1
rank 7 received request for availability from 5
rank 7 received request for availability from 6
iteration 32 rank 7 availabilty: 2
Next available charging station is 1
Next available charging station is 1
iteration 34 rank 7 availabilty: 2
iteration 36 rank 7 availabilty: 1
node_status availability 2rank 7 has enough availability nearby nodes
rank 7 received request for availability from 5
rank 7 received request for availability from 6
iteration 38 rank 7 availabilty: 2
iteration 40 rank 7 availabilty: 4
iteration 42 rank 7 availabilty: 5
iteration 44 rank 7 availabilty: 4
iteration 46 rank 7 availabilty: 2
rank 7 received request for availability from 5
rank 7 received request for availability from 6
iteration 48 rank 7 availabilty: 0
node_status availability 17Base comm 8 at 37.014933
done communicating
terminating communication thread
Next available charging station is 1
Next available charging station is 1
iteration 50 rank 7 availabilty: 2
Next available charging station is 1
iteration 52 rank 7 availabilty: 2
iteration 54 rank 7 availabilty: 2
Process 7 received termination signal.
terminating threads 0
terminating threads 3
terminating threads 2
terminating threads 4
terminating threads 1
Process 7 terminated.
rank 6 received request for availability from 7
iteration 32 rank 6 availabilty: 0
node_status availability 2rank 6 has enough availability nearby nodes
iteration 34 rank 6 availabilty: 2
rank 6 received request for availability from 4
rank 6 received request for availability from 7
iteration 36 rank 6 availabilty: 0
node_status availability 16Base comm 8 at 24.001135
done communicating
terminating communication thread
Next available charging station is 1
iteration 38 rank 6 availabilty: 3
Next available charging station is 1
Next available charging station is 1
iteration 40 rank 6 availabilty: 5
iteration 42 rank 6 availabilty: 5
iteration 44 rank 6 availabilty: 3
iteration 46 rank 6 availabilty: 1
node_status availability 2rank 6 has enough availability nearby nodes
rank 6 received request for availability from 4
rank 6 received request for availability from 7
iteration 48 rank 6 availabilty: 2
iteration 50 rank 6 availabilty: 2
iteration 52 rank 6 availabilty: 2
iteration 54 rank 6 availabilty: 2
Process 6 received termination signal.
terminating threads 0
terminating threads 3
terminating threads 2
terminating threads 4
terminating threads 1
Process 6 terminated.
terminating thread from baseBase is waiting for status from 4
terminating thread from baseBase is waiting for status from 7
terminating thread from baseBase is waiting for status from 2
terminating thread from baseBase is waiting for status from 3
terminating thread from baseBase is waiting for status from 0
Base is waiting for status from 5
terminating thread from baseterminating thread from baseBase is waiting for status from 6
terminating thread from basenode_status availability 1rank 5 has enough availability nearby nodes
rank 5 received request for availability from 4
rank 5 received request for availability from 7
rank 5 received request for availability from 3
iteration 30 rank 5 availabilty: 0
node_status availability 0rank 5 has enough availability nearby nodes
iteration 32 rank 5 availabilty: 2
rank 5 received request for availability from 4
rank 5 received request for availability from 7
iteration 34 rank 5 availabilty: 0
node_status availability 15Base comm 8 at 23.002866
done communicating
terminating communication thread
Next available charging station is 1
Next available charging station is 1
iteration 36 rank 5 availabilty: 3
Next available charging station is 1
Next available charging station is 1
iteration 38 rank 5 availabilty: 5
iteration 40 rank 5 availabilty: 5
iteration 42 rank 5 availabilty: 3
rank 5 received request for availability from 3
iteration 44 rank 5 availabilty: 1
node_status availability 1rank 5 has enough availability nearby nodes
rank 5 received request for availability from 4
rank 5 received request for availability from 7
iteration 46 rank 5 availabilty: 4
iteration 48 rank 5 availabilty: 4
iteration 50 rank 5 availabilty: 2
Process 5 received termination signal.
terminating threads 3
terminating threads 0
terminating threads 2
terminating threads 4
terminating threads 1
Process 5 terminated.
rank 0 received request for availability from 2
rank 0 received request for availability from 1
iteration 30 rank 0 availabilty: 0
node_status availability 00Base comm 8 at 13.018287
done communicating
terminating communication thread
Next available charging station is 1
rank 0 received request for availability from 2
rank 0 received request for availability from 1
Next available charging station is 1
iteration 32 rank 0 availabilty: 2
Next available charging station is 1
iteration 34 rank 0 availabilty: 2
rank 0 received request for availability from 1
iteration 36 rank 0 availabilty: 1
node_status availability 2rank 0 has enough availability nearby nodes
rank 0 received request for availability from 2
iteration 38 rank 0 availabilty: 3
iteration 40 rank 0 availabilty: 5
iteration 42 rank 0 availabilty: 5
iteration 44 rank 0 availabilty: 3
rank 0 received request for availability from 2
iteration 46 rank 0 availabilty: 1
node_status availability 1rank 0 has enough availability nearby nodes
rank 0 received request for availability from 1
rank 0 received request for availability from 2
iteration 48 rank 0 availabilty: 3
iteration 50 rank 0 availabilty: 3
rank 0 received request for availability from 1
rank 0 received request for availability from 2
iteration 52 rank 0 availabilty: 3
iteration 54 rank 0 availabilty: 3
Process 0 received termination signal.
terminating threads 0
terminating threads 3
terminating threads 2
terminating threads 4
terminating threads 1
Process 0 terminated.
